Unity Editor version:    2022.1.0b3 (169963e3b543)
Branch:                  2022.1/staging
Build type:              Release
Batch mode:              YES
System name:             Linux
Distro version:          #29~20.04.1-Ubuntu SMP Fri Jan 14 00:32:30 UTC 2022
Kernel version:          5.13.0-27-generic
Architecture:            x86_64
Available memory:        13915 MB
Using pre-set license
Pro License: NO

(Unity:11927): Gdk-CRITICAL **: 22:01:25.375: gdk_window_get_cursor: assertion 'GDK_IS_WINDOW (window)' failed
Desktop is 2800 x 900 @ 60 Hz
Initialize udev device monitor.

COMMAND LINE ARGUMENTS:
Unity
-adb2
-batchMode
-noUpm
-name
AssetImportWorker0
-projectPath
/home/andreysilva/Documentos/Projetos-GitHub/JogoQuizMaster/QuizMaster
-logFile
Logs/AssetImportWorker0.log
-srvPort
36057
Successfully changed project path to: /home/andreysilva/Documentos/Projetos-GitHub/JogoQuizMaster/QuizMaster
/home/andreysilva/Documentos/Projetos-GitHub/JogoQuizMaster/QuizMaster
[UnityMemory] Configuration Parameters - Can be set up in boot.config
    "memorysetup-bucket-allocator-granularity=16"
    "memorysetup-bucket-allocator-bucket-count=8"
    "memorysetup-bucket-allocator-block-size=33554432"
    "memorysetup-bucket-allocator-block-count=8"
    "memorysetup-main-allocator-block-size=16777216"
    "memorysetup-thread-allocator-block-size=16777216"
    "memorysetup-gfx-main-allocator-block-size=16777216"
    "memorysetup-gfx-thread-allocator-block-size=16777216"
    "memorysetup-cache-allocator-block-size=4194304"
    "memorysetup-typetree-allocator-block-size=2097152"
    "memorysetup-profiler-bucket-allocator-granularity=16"
    "memorysetup-profiler-bucket-allocator-bucket-count=8"
    "memorysetup-profiler-bucket-allocator-block-size=33554432"
    "memorysetup-profiler-bucket-allocator-block-count=8"
    "memorysetup-profiler-allocator-block-size=16777216"
    "memorysetup-profiler-editor-allocator-block-size=1048576"
    "memorysetup-temp-allocator-size-main=16777216"
    "memorysetup-job-temp-allocator-block-size=2097152"
    "memorysetup-job-temp-allocator-block-size-background=1048576"
    "memorysetup-job-temp-allocator-reduction-small-platforms=262144"
    "memorysetup-temp-allocator-size-background-worker=32768"
    "memorysetup-temp-allocator-size-job-worker=262144"
    "memorysetup-temp-allocator-size-preload-manager=33554432"
    "memorysetup-temp-allocator-size-nav-mesh-worker=65536"
    "memorysetup-temp-allocator-size-audio-worker=65536"
    "memorysetup-temp-allocator-size-cloud-worker=32768"
    "memorysetup-temp-allocator-size-gi-baking-worker=262144"
    "memorysetup-temp-allocator-size-gfx=262144"
Refreshing native plugins compatible for Editor in 99,26 ms, found 1 plugins.
Preloading 0 native plugins for Editor in 0,00 ms.
Initialize engine version: 2022.1.0b3 (169963e3b543)
[Subsystems] Discovering subsystems at path /home/andreysilva/Unity/Hub/Editor/2022.1.0b3/Editor/Data/Resources/UnitySubsystems
[Subsystems] Discovering subsystems at path /home/andreysilva/Documentos/Projetos-GitHub/JogoQuizMaster/QuizMaster/Assets
GLX Extensions: GLX_ARB_create_context GLX_ARB_create_context_no_error GLX_ARB_create_context_profile GLX_ARB_create_context_robustness GLX_ARB_fbconfig_float GLX_ARB_framebuffer_sRGB GLX_ARB_get_proc_address GLX_ARB_multisample GLX_EXT_buffer_age GLX_EXT_create_context_es2_profile GLX_EXT_create_context_es_profile GLX_EXT_fbconfig_packed_float GLX_EXT_framebuffer_sRGB GLX_EXT_import_context GLX_EXT_swap_control GLX_EXT_swap_control_tear GLX_EXT_texture_from_pixmap GLX_EXT_visual_info GLX_EXT_visual_rating GLX_INTEL_swap_event GLX_MESA_copy_sub_buffer GLX_MESA_query_renderer GLX_MESA_swap_control GLX_OML_swap_method GLX_OML_sync_control GLX_SGIS_multisample GLX_SGIX_fbconfig GLX_SGIX_pbuffer GLX_SGIX_visual_select_group GLX_SGI_make_current_read GLX_SGI_swap_control GLX_SGI_video_sync 
Renderer: AMD Radeon(TM) Vega 8 Graphics (RAVEN, DRM 3.41.0, 5.13.0-27-generic, LLVM 12.0.0)
Vendor:   AMD
Version:  4.6 (Core Profile) Mesa 21.0.3
GLES:     0
 GL_AMD_conservative_depth GL_AMD_depth_clamp_separate GL_AMD_draw_buffers_blend GL_AMD_framebuffer_multisample_advanced GL_AMD_gpu_shader_int64 GL_AMD_multi_draw_indirect GL_AMD_performance_monitor GL_AMD_pinned_memory GL_AMD_query_buffer_object GL_AMD_seamless_cubemap_per_texture GL_AMD_shader_stencil_export GL_AMD_shader_trinary_minmax GL_AMD_texture_texture4 GL_AMD_vertex_shader_layer GL_AMD_vertex_shader_viewport_index GL_ANGLE_texture_compression_dxt3 GL_ANGLE_texture_compression_dxt5 GL_ARB_ES2_compatibility GL_ARB_ES3_1_compatibility GL_ARB_ES3_2_compatibility GL_ARB_ES3_compatibility GL_ARB_arrays_of_arrays GL_ARB_base_instance GL_ARB_bindless_texture GL_ARB_blend_func_extended GL_ARB_buffer_storage GL_ARB_clear_buffer_object GL_ARB_clear_texture GL_ARB_clip_control GL_ARB_color_buffer_float GL_ARB_compressed_texture_pixel_storage GL_ARB_compute_shader GL_ARB_compute_variable_group_size GL_ARB_conditional_render_inverted GL_ARB_conservative_depth GL_ARB_copy_buffer GL_ARB_copy_image GL_ARB_cull_dist
ance GL_ARB_debug_output GL_ARB_depth_buffer_float GL_ARB_depth_clamp GL_ARB_derivative_control GL_ARB_direct_state_access GL_ARB_draw_buffers GL_ARB_draw_buffers_blend GL_ARB_draw_elements_base_vertex GL_ARB_draw_indirect GL_ARB_draw_instanced GL_ARB_enhanced_layouts GL_ARB_explicit_attrib_location GL_ARB_explicit_uniform_location GL_ARB_fragment_coord_conventions GL_ARB_fragment_layer_viewport GL_ARB_fragment_shader GL_ARB_framebuffer_no_attachments GL_ARB_framebuffer_object GL_ARB_framebuffer_sRGB GL_ARB_get_program_binary GL_ARB_get_texture_sub_image GL_ARB_gl_spirv GL_ARB_gpu_shader5 GL_ARB_gpu_shader_fp64 GL_ARB_gpu_shader_int64 GL_ARB_half_float_pixel GL_ARB_half_float_vertex GL_ARB_indirect_parameters GL_ARB_instanced_arrays GL_ARB_internalformat_query GL_ARB_internalformat_query2 GL_ARB_invalidate_subdata GL_ARB_map_buffer_alignment GL_ARB_map_buffer_range GL_ARB_multi_bind GL_ARB_multi_draw_indirect GL_ARB_occlusion_query2 GL_ARB_parallel_shader_compile GL_ARB_pipeline_statistics_query GL_ARB_pixel
_buffer_object GL_ARB_point_sprite GL_ARB_polygon_offset_clamp GL_ARB_program_interface_query GL_ARB_provoking_vertex GL_ARB_query_buffer_object GL_ARB_robust_buffer_access_behavior GL_ARB_robustness GL_ARB_sample_shading GL_ARB_sampler_objects GL_ARB_seamless_cube_map GL_ARB_seamless_cubemap_per_texture GL_ARB_separate_shader_objects GL_ARB_shader_atomic_counter_ops GL_ARB_shader_atomic_counters GL_ARB_shader_ballot GL_ARB_shader_bit_encoding GL_ARB_shader_clock GL_ARB_shader_draw_parameters GL_ARB_shader_group_vote GL_ARB_shader_image_load_store GL_ARB_shader_image_size GL_ARB_shader_objects GL_ARB_shader_precision GL_ARB_shader_stencil_export GL_ARB_shader_storage_buffer_object GL_ARB_shader_subroutine GL_ARB_shader_texture_image_samples GL_ARB_shader_texture_lod GL_ARB_shader_viewport_layer_array GL_ARB_shading_language_420pack GL_ARB_shading_language_include GL_ARB_shading_language_packing GL_ARB_sparse_buffer GL_ARB_spirv_extensions GL_ARB_stencil_texturing GL_ARB_sync GL_ARB_tessellation_shader GL_ARB
_texture_barrier GL_ARB_texture_buffer_object GL_ARB_texture_buffer_object_rgb32 GL_ARB_texture_buffer_range GL_ARB_texture_compression_bptc GL_ARB_texture_compression_rgtc GL_ARB_texture_cube_map_array GL_ARB_texture_filter_anisotropic GL_ARB_texture_float GL_ARB_texture_gather GL_ARB_texture_mirror_clamp_to_edge GL_ARB_texture_multisample GL_ARB_texture_non_power_of_two GL_ARB_texture_query_levels GL_ARB_texture_query_lod GL_ARB_texture_rectangle GL_ARB_texture_rg GL_ARB_texture_rgb10_a2ui GL_ARB_texture_stencil8 GL_ARB_texture_storage GL_ARB_texture_storage_multisample GL_ARB_texture_swizzle GL_ARB_texture_view GL_ARB_timer_query GL_ARB_transform_feedback2 GL_ARB_transform_feedback3 GL_ARB_transform_feedback_instanced GL_ARB_transform_feedback_overflow_query GL_ARB_uniform_buffer_object GL_ARB_vertex_array_bgra GL_ARB_vertex_array_object GL_ARB_vertex_attrib_64bit GL_ARB_vertex_attrib_binding GL_ARB_vertex_buffer_object GL_ARB_vertex_shader GL_ARB_vertex_type_10f_11f_11f_rev GL_ARB_vertex_type_2_10_10_10_
rev GL_ARB_viewport_array GL_ATI_blend_equation_separate GL_ATI_meminfo GL_ATI_texture_float GL_ATI_texture_mirror_once GL_EXT_EGL_image_storage GL_EXT_EGL_sync GL_EXT_abgr GL_EXT_blend_equation_separate GL_EXT_demote_to_helper_invocation GL_EXT_depth_bounds_test GL_EXT_draw_buffers2 GL_EXT_draw_instanced GL_EXT_framebuffer_blit GL_EXT_framebuffer_multisample GL_EXT_framebuffer_multisample_blit_scaled GL_EXT_framebuffer_object GL_EXT_framebuffer_sRGB GL_EXT_memory_object GL_EXT_memory_object_fd GL_EXT_packed_depth_stencil GL_EXT_packed_float GL_EXT_pixel_buffer_object GL_EXT_polygon_offset_clamp GL_EXT_provoking_vertex GL_EXT_semaphore GL_EXT_semaphore_fd GL_EXT_shader_image_load_formatted GL_EXT_shader_image_load_store GL_EXT_shader_integer_mix GL_EXT_shader_samples_identical GL_EXT_texture_array GL_EXT_texture_compression_dxt1 GL_EXT_texture_compression_rgtc GL_EXT_texture_compression_s3tc GL_EXT_texture_filter_anisotropic GL_EXT_texture_integer GL_EXT_texture_mirror_clamp GL_EXT_texture_sRGB GL_EXT_textur
e_sRGB_R8 GL_EXT_texture_sRGB_decode GL_EXT_texture_shadow_lod GL_EXT_texture_shared_exponent GL_EXT_texture_snorm GL_EXT_texture_swizzle GL_EXT_timer_query GL_EXT_transform_feedback GL_EXT_vertex_array_bgra GL_EXT_vertex_attrib_64bit GL_EXT_window_rectangles GL_IBM_multimode_draw_arrays GL_INTEL_blackhole_render GL_KHR_blend_equation_advanced GL_KHR_context_flush_control GL_KHR_debug GL_KHR_no_error GL_KHR_parallel_shader_compile GL_KHR_robust_buffer_access_behavior GL_KHR_robustness GL_KHR_texture_compression_astc_ldr GL_KHR_texture_compression_astc_sliced_3d GL_MESA_framebuffer_flip_y GL_MESA_pack_invert GL_MESA_shader_integer_functions GL_MESA_texture_signed_rgba GL_NVX_gpu_memory_info GL_NV_alpha_to_coverage_dither_control GL_NV_compute_shader_derivatives GL_NV_conditional_render GL_NV_copy_image GL_NV_depth_clamp GL_NV_packed_depth_stencil GL_NV_shader_atomic_int64 GL_NV_texture_barrier GL_NV_vdpau_interop GL_OES_EGL_image GL_S3_s3tc
OPENGL LOG: Creating OpenGL 4.6 graphics device ; Context level  <OpenGL 4.5> ; Context handle 1422643328
Initialize mono
Mono path[0] = '/home/andreysilva/Unity/Hub/Editor/2022.1.0b3/Editor/Data/Managed'
Mono path[1] = '/home/andreysilva/Unity/Hub/Editor/2022.1.0b3/Editor/Data/MonoBleedingEdge/lib/mono/unityjit-linux'
Mono config path = '/home/andreysilva/Unity/Hub/Editor/2022.1.0b3/Editor/Data/MonoBleedingEdge/etc'
Using monoOptions --debugger-agent=transport=dt_socket,embedding=1,server=y,suspend=n,address=127.0.0.1:56927
Begin MonoManager ReloadAssembly
Registering precompiled unity dll's ...
Register platform support module: /home/andreysilva/Unity/Hub/Editor/2022.1.0b3/Editor/Data/PlaybackEngines/WebGLSupport/UnityEditor.WebGL.Extensions.dll
Register platform support module: /home/andreysilva/Unity/Hub/Editor/2022.1.0b3/Editor/Data/PlaybackEngines/LinuxStandaloneSupport/UnityEditor.LinuxStandalone.Extensions.dll
Registered in 0,006007 seconds.
Native extension for LinuxStandalone target not found
Native extension for WebGL target not found
Refreshing native plugins compatible for Editor in 104,65 ms, found 1 plugins.
Preloading 0 native plugins for Editor in 0,00 ms.
Mono: successfully reloaded assembly
- Completed reload, in  0,708 seconds
Domain Reload Profiling:
	ReloadAssembly (708ms)
		BeginReloadAssembly (50ms)
			ExecutionOrderSort (0ms)
			DisableScriptedObjects (0ms)
			BackupInstance (0ms)
			ReleaseScriptingObjects (0ms)
			CreateAndSetChildDomain (1ms)
		EndReloadAssembly (568ms)
			LoadAssemblies (48ms)
			RebuildTransferFunctionScriptingTraits (0ms)
			SetupTypeCache (131ms)
				TypeCache.Initialize (131ms)
					TypeCache.ScanAssembly (130ms)
				ResolveRequiredComponents (1ms)
			ReleaseScriptCaches (0ms)
			RebuildScriptCaches (37ms)
			SetupLoadedEditorAssemblies (338ms)
				LogAssemblyErrors (0ms)
				InitializePlatformSupportModulesInManaged (16ms)
				SetLoadedEditorAssemblies (8ms)
				RefreshPlugins (105ms)
				BeforeProcessingInitializeOnLoad (1ms)
				ProcessInitializeOnLoadAttributes (155ms)
				ProcessInitializeOnLoadMethodAttributes (53ms)
				AfterProcessingInitializeOnLoad (0ms)
				EditorAssembliesLoaded (0ms)
			ExecutionOrderSort2 (0ms)
			AwakeInstancesAfterBackupRestoration (0ms)
Platform modules already initialized, skipping
Registering precompiled user dll's ...
Registered in 0,005068 seconds.
Begin MonoManager ReloadAssembly
Symbol file LoadedFromMemory doesn't match image /home/andreysilva/Documentos/Projetos-GitHub/JogoQuizMaster/QuizMaster/Library/PackageCache/com.unity.visualscripting@1.7.6/Editor/VisualScripting.Core/Dependencies/YamlDotNet/Unity.VisualScripting.YamlDotNet.dll
Symbol file LoadedFromMemory doesn't match image /home/andreysilva/Documentos/Projetos-GitHub/JogoQuizMaster/QuizMaster/Library/PackageCache/com.unity.visualscripting@1.7.6/Editor/VisualScripting.Core/Dependencies/DotNetZip/Unity.VisualScripting.IonicZip.dll
Native extension for LinuxStandalone target not found
Native extension for WebGL target not found
Refreshing native plugins compatible for Editor in 99,67 ms, found 1 plugins.
Preloading 0 native plugins for Editor in 0,00 ms.
Mono: successfully reloaded assembly
- Completed reload, in  1,915 seconds
Domain Reload Profiling:
	ReloadAssembly (1916ms)
		BeginReloadAssembly (98ms)
			ExecutionOrderSort (0ms)
			DisableScriptedObjects (6ms)
			BackupInstance (0ms)
			ReleaseScriptingObjects (0ms)
			CreateAndSetChildDomain (19ms)
		EndReloadAssembly (1706ms)
			LoadAssemblies (52ms)
			RebuildTransferFunctionScriptingTraits (0ms)
			SetupTypeCache (278ms)
				TypeCache.Initialize (273ms)
					TypeCache.ScanAssembly (269ms)
				ResolveRequiredComponents (5ms)
			ReleaseScriptCaches (1ms)
			RebuildScriptCaches (70ms)
			SetupLoadedEditorAssemblies (1223ms)
				LogAssemblyErrors (0ms)
				InitializePlatformSupportModulesInManaged (10ms)
				SetLoadedEditorAssemblies (7ms)
				RefreshPlugins (100ms)
				BeforeProcessingInitializeOnLoad (92ms)
				ProcessInitializeOnLoadAttributes (963ms)
				ProcessInitializeOnLoadMethodAttributes (45ms)
				AfterProcessingInitializeOnLoad (6ms)
				EditorAssembliesLoaded (0ms)
			ExecutionOrderSort2 (0ms)
			AwakeInstancesAfterBackupRestoration (5ms)
Platform modules already initialized, skipping
========================================================================
Worker process is ready to serve import requests
Launched and connected shader compiler UnityShaderCompiler after 0.01 seconds
Refreshing native plugins compatible for Editor in 0,68 ms, found 1 plugins.
Preloading 0 native plugins for Editor in 0,00 ms.
Unloading 3943 Unused Serialized files (Serialized files now loaded: 0)
Unloading 38 unused Assets / (38,9 KB). Loaded Objects now: 4402.
Memory consumption went from 0,59 GB to 0,59 GB.
Total: 5,615582 ms (FindLiveObjects: 0,480790 ms CreateObjectMapping: 0,211900 ms MarkObjects: 4,810642 ms  DeleteObjects: 0,110950 ms)

AssetImportParameters requested are different than current active one (requested -> active):
  custom:video-decoder-ogg-theora: a1e56fd34408186e4bbccfd4996cb3dc -> 
  custom:container-muxer-webm: aa71ff27fc2769a1b78a27578f13a17b -> 
  custom:container-demuxer-webm: 4f35f7cbe854078d1ac9338744f61a02 -> 
  custom:video-encoder-webm-vp8: eb34c28f22e8b96e1ab97ce403110664 -> 
  custom:audio-encoder-webm-vorbis: bf7c407c2cedff20999df2af8eb42d56 -> 
  custom:container-demuxer-ogg: 62fdf1f143b41e24485cea50d1cbac27 -> 
  custom:video-decoder-webm-vp8: 9c59270c3fd7afecdb556c50c9e8de78 -> 
  custom:audio-decoder-ogg-vorbis: bf7c407c2cedff20999df2af8eb42d56 -> 
========================================================================
Received Import Request.
  Time since last request: 8161,397091 seconds.
  path: Assets/Sprites/neon_square_blue.png
  artifactKey: Guid(985bdcd473508e683a3fb66a4891e1ec) Importer(815301076,1909f56bfc062723c751e8b465ee728b)
Start importing Assets/Sprites/neon_square_blue.png using Guid(985bdcd473508e683a3fb66a4891e1ec) Importer(815301076,1909f56bfc062723c751e8b465ee728b)  -> (artifact id: '6c156a32ff02a19a2f230467cc3b25da') in 0,135151 seconds 
========================================================================
Received Import Request.
  Time since last request: 1029,432965 seconds.
  path: Assets/Button.prefab
  artifactKey: Guid(643ab9db41bf6e922af421b618437ce6) Importer(815301076,1909f56bfc062723c751e8b465ee728b)
Start importing Assets/Button.prefab using Guid(643ab9db41bf6e922af421b618437ce6) Importer(815301076,1909f56bfc062723c751e8b465ee728b)  -> (artifact id: '6fba33df0a2dec692f6f68c412821bcb') in 0,046271 seconds 
========================================================================
Received Import Request.
  Time since last request: 186,683261 seconds.
  path: Assets/BotaoDeResposta.prefab
  artifactKey: Guid(643ab9db41bf6e922af421b618437ce6) Importer(815301076,1909f56bfc062723c751e8b465ee728b)
Start importing Assets/BotaoDeResposta.prefab using Guid(643ab9db41bf6e922af421b618437ce6) Importer(815301076,1909f56bfc062723c751e8b465ee728b)  -> (artifact id: '2d45928ae2c84e50568f006d80d1fd4d') in 0,015085 seconds 
========================================================================
Received Import Request.
  Time since last request: 20,185478 seconds.
  path: Assets
  artifactKey: Guid(00000000000000001000000000000000) Importer(815301076,1909f56bfc062723c751e8b465ee728b)
Start importing Assets using Guid(00000000000000001000000000000000) Importer(815301076,1909f56bfc062723c751e8b465ee728b)  -> (artifact id: '6e8165099f8bfd50797b2ebe9f8b211b') in 0,001642 seconds 
========================================================================
Received Import Request.
  Time since last request: 9,101393 seconds.
  path: Assets/Prefabs
  artifactKey: Guid(7c274fb1a16a0a0cdae656eace775114) Importer(815301076,1909f56bfc062723c751e8b465ee728b)
Start importing Assets/Prefabs using Guid(7c274fb1a16a0a0cdae656eace775114) Importer(815301076,1909f56bfc062723c751e8b465ee728b)  -> (artifact id: '7102d1fde872f6129c176ad2bef8b342') in 0,000734 seconds 
========================================================================
Received Import Request.
  Time since last request: 11,579022 seconds.
  path: Assets/Scripts
  artifactKey: Guid(e954fcb9c02aab5718904a9a11f68a54) Importer(815301076,1909f56bfc062723c751e8b465ee728b)
Start importing Assets/Scripts using Guid(e954fcb9c02aab5718904a9a11f68a54) Importer(815301076,1909f56bfc062723c751e8b465ee728b)  -> (artifact id: '2e6463aaba61045ad3991b215f63d153') in 0,000728 seconds 
========================================================================
Received Import Request.
  Time since last request: 194,979253 seconds.
  path: Assets/Perguntas
  artifactKey: Guid(be3252c05d308370eb0b3d878d7bf802) Importer(815301076,1909f56bfc062723c751e8b465ee728b)
Start importing Assets/Perguntas using Guid(be3252c05d308370eb0b3d878d7bf802) Importer(815301076,1909f56bfc062723c751e8b465ee728b)  -> (artifact id: '84b12a1be162b61edbafce8df6910e8f') in 0,000718 seconds 
========================================================================
Received Import Request.
  Time since last request: 195,915600 seconds.
  path: Assets/Scripts/QuestionSO.cs
  artifactKey: Guid(8efc22455a645ce9daee34d525d6600c) Importer(815301076,1909f56bfc062723c751e8b465ee728b)
Start importing Assets/Scripts/QuestionSO.cs using Guid(8efc22455a645ce9daee34d525d6600c) Importer(815301076,1909f56bfc062723c751e8b465ee728b)  -> (artifact id: '54dc5f40ec8da4d97205b51cef0aeae6') in 0,000856 seconds 
========================================================================
Received Prepare
Registering precompiled user dll's ...
Registered in 0,004729 seconds.
Begin MonoManager ReloadAssembly
Symbol file LoadedFromMemory doesn't match image /home/andreysilva/Documentos/Projetos-GitHub/JogoQuizMaster/QuizMaster/Library/PackageCache/com.unity.visualscripting@1.7.6/Editor/VisualScripting.Core/Dependencies/YamlDotNet/Unity.VisualScripting.YamlDotNet.dll
Symbol file LoadedFromMemory doesn't match image /home/andreysilva/Documentos/Projetos-GitHub/JogoQuizMaster/QuizMaster/Library/PackageCache/com.unity.visualscripting@1.7.6/Editor/VisualScripting.Core/Dependencies/DotNetZip/Unity.VisualScripting.IonicZip.dll
Native extension for LinuxStandalone target not found
Native extension for WebGL target not found
Refreshing native plugins compatible for Editor in 0,72 ms, found 1 plugins.
Preloading 0 native plugins for Editor in 0,00 ms.
Mono: successfully reloaded assembly
- Completed reload, in  1,186 seconds
Domain Reload Profiling:
	ReloadAssembly (1187ms)
		BeginReloadAssembly (121ms)
			ExecutionOrderSort (0ms)
			DisableScriptedObjects (7ms)
			BackupInstance (0ms)
			ReleaseScriptingObjects (0ms)
			CreateAndSetChildDomain (44ms)
		EndReloadAssembly (951ms)
			LoadAssemblies (54ms)
			RebuildTransferFunctionScriptingTraits (0ms)
			SetupTypeCache (281ms)
				TypeCache.Initialize (276ms)
					TypeCache.ScanAssembly (271ms)
				ResolveRequiredComponents (5ms)
			ReleaseScriptCaches (1ms)
			RebuildScriptCaches (57ms)
			SetupLoadedEditorAssemblies (478ms)
				LogAssemblyErrors (0ms)
				InitializePlatformSupportModulesInManaged (12ms)
				SetLoadedEditorAssemblies (6ms)
				RefreshPlugins (1ms)
				BeforeProcessingInitializeOnLoad (67ms)
				ProcessInitializeOnLoadAttributes (352ms)
				ProcessInitializeOnLoadMethodAttributes (34ms)
				AfterProcessingInitializeOnLoad (6ms)
				EditorAssembliesLoaded (0ms)
			ExecutionOrderSort2 (0ms)
			AwakeInstancesAfterBackupRestoration (11ms)
Platform modules already initialized, skipping
Refreshing native plugins compatible for Editor in 0,71 ms, found 1 plugins.
Preloading 0 native plugins for Editor in 0,00 ms.
Unloading 3921 Unused Serialized files (Serialized files now loaded: 0)
Unloading 27 unused Assets / (22,7 KB). Loaded Objects now: 4426.
Memory consumption went from 0,59 GB to 0,59 GB.
Total: 4,234601 ms (FindLiveObjects: 0,407090 ms CreateObjectMapping: 0,152130 ms MarkObjects: 3,647551 ms  DeleteObjects: 0,026460 ms)

AssetImportParameters requested are different than current active one (requested -> active):
  custom:video-decoder-ogg-theora: a1e56fd34408186e4bbccfd4996cb3dc -> 
  custom:container-muxer-webm: aa71ff27fc2769a1b78a27578f13a17b -> 
  custom:container-demuxer-webm: 4f35f7cbe854078d1ac9338744f61a02 -> 
  custom:video-encoder-webm-vp8: eb34c28f22e8b96e1ab97ce403110664 -> 
  custom:audio-encoder-webm-vorbis: bf7c407c2cedff20999df2af8eb42d56 -> 
  custom:container-demuxer-ogg: 62fdf1f143b41e24485cea50d1cbac27 -> 
  custom:video-decoder-webm-vp8: 9c59270c3fd7afecdb556c50c9e8de78 -> 
  custom:audio-decoder-ogg-vorbis: bf7c407c2cedff20999df2af8eb42d56 -> 
========================================================================
Received Prepare
Registering precompiled user dll's ...
Registered in 0,004695 seconds.
Begin MonoManager ReloadAssembly
Symbol file LoadedFromMemory doesn't match image /home/andreysilva/Documentos/Projetos-GitHub/JogoQuizMaster/QuizMaster/Library/PackageCache/com.unity.visualscripting@1.7.6/Editor/VisualScripting.Core/Dependencies/YamlDotNet/Unity.VisualScripting.YamlDotNet.dll
Symbol file LoadedFromMemory doesn't match image /home/andreysilva/Documentos/Projetos-GitHub/JogoQuizMaster/QuizMaster/Library/PackageCache/com.unity.visualscripting@1.7.6/Editor/VisualScripting.Core/Dependencies/DotNetZip/Unity.VisualScripting.IonicZip.dll
Native extension for LinuxStandalone target not found
Native extension for WebGL target not found
Refreshing native plugins compatible for Editor in 0,72 ms, found 1 plugins.
Preloading 0 native plugins for Editor in 0,00 ms.
Mono: successfully reloaded assembly
- Completed reload, in  1,172 seconds
Domain Reload Profiling:
	ReloadAssembly (1173ms)
		BeginReloadAssembly (115ms)
			ExecutionOrderSort (0ms)
			DisableScriptedObjects (9ms)
			BackupInstance (0ms)
			ReleaseScriptingObjects (0ms)
			CreateAndSetChildDomain (39ms)
		EndReloadAssembly (945ms)
			LoadAssemblies (51ms)
			RebuildTransferFunctionScriptingTraits (0ms)
			SetupTypeCache (278ms)
				TypeCache.Initialize (273ms)
					TypeCache.ScanAssembly (268ms)
				ResolveRequiredComponents (5ms)
			ReleaseScriptCaches (1ms)
			RebuildScriptCaches (57ms)
			SetupLoadedEditorAssemblies (475ms)
				LogAssemblyErrors (0ms)
				InitializePlatformSupportModulesInManaged (12ms)
				SetLoadedEditorAssemblies (6ms)
				RefreshPlugins (1ms)
				BeforeProcessingInitializeOnLoad (66ms)
				ProcessInitializeOnLoadAttributes (350ms)
				ProcessInitializeOnLoadMethodAttributes (34ms)
				AfterProcessingInitializeOnLoad (6ms)
				EditorAssembliesLoaded (0ms)
			ExecutionOrderSort2 (0ms)
			AwakeInstancesAfterBackupRestoration (10ms)
Platform modules already initialized, skipping
Refreshing native plugins compatible for Editor in 0,73 ms, found 1 plugins.
Preloading 0 native plugins for Editor in 0,00 ms.
Unloading 3921 Unused Serialized files (Serialized files now loaded: 0)
Unloading 27 unused Assets / (22,7 KB). Loaded Objects now: 4428.
Memory consumption went from 0,59 GB to 0,59 GB.
Total: 4,300861 ms (FindLiveObjects: 0,370230 ms CreateObjectMapping: 0,133470 ms MarkObjects: 3,768621 ms  DeleteObjects: 0,026960 ms)

AssetImportParameters requested are different than current active one (requested -> active):
  custom:video-decoder-ogg-theora: a1e56fd34408186e4bbccfd4996cb3dc -> 
  custom:container-muxer-webm: aa71ff27fc2769a1b78a27578f13a17b -> 
  custom:container-demuxer-webm: 4f35f7cbe854078d1ac9338744f61a02 -> 
  custom:video-encoder-webm-vp8: eb34c28f22e8b96e1ab97ce403110664 -> 
  custom:audio-encoder-webm-vorbis: bf7c407c2cedff20999df2af8eb42d56 -> 
  custom:container-demuxer-ogg: 62fdf1f143b41e24485cea50d1cbac27 -> 
  custom:video-decoder-webm-vp8: 9c59270c3fd7afecdb556c50c9e8de78 -> 
  custom:audio-decoder-ogg-vorbis: bf7c407c2cedff20999df2af8eb42d56 -> 
========================================================================
Received Import Request.
  Time since last request: 949,503798 seconds.
  path: Assets/Scripts/QuestionSO.cs
  artifactKey: Guid(8efc22455a645ce9daee34d525d6600c) Importer(815301076,1909f56bfc062723c751e8b465ee728b)
Start importing Assets/Scripts/QuestionSO.cs using Guid(8efc22455a645ce9daee34d525d6600c) Importer(815301076,1909f56bfc062723c751e8b465ee728b)  -> (artifact id: '9ee93bc3fbcb5e2fac02a333d159452a') in 0,001508 seconds 
========================================================================
Received Prepare
Registering precompiled user dll's ...
Registered in 0,004640 seconds.
Begin MonoManager ReloadAssembly
Symbol file LoadedFromMemory doesn't match image /home/andreysilva/Documentos/Projetos-GitHub/JogoQuizMaster/QuizMaster/Library/PackageCache/com.unity.visualscripting@1.7.6/Editor/VisualScripting.Core/Dependencies/YamlDotNet/Unity.VisualScripting.YamlDotNet.dll
Symbol file LoadedFromMemory doesn't match image /home/andreysilva/Documentos/Projetos-GitHub/JogoQuizMaster/QuizMaster/Library/PackageCache/com.unity.visualscripting@1.7.6/Editor/VisualScripting.Core/Dependencies/DotNetZip/Unity.VisualScripting.IonicZip.dll
Native extension for LinuxStandalone target not found
Native extension for WebGL target not found
Refreshing native plugins compatible for Editor in 0,74 ms, found 1 plugins.
Preloading 0 native plugins for Editor in 0,00 ms.
Mono: successfully reloaded assembly
- Completed reload, in  1,177 seconds
Domain Reload Profiling:
	ReloadAssembly (1178ms)
		BeginReloadAssembly (116ms)
			ExecutionOrderSort (0ms)
			DisableScriptedObjects (9ms)
			BackupInstance (0ms)
			ReleaseScriptingObjects (0ms)
			CreateAndSetChildDomain (41ms)
		EndReloadAssembly (947ms)
			LoadAssemblies (52ms)
			RebuildTransferFunctionScriptingTraits (0ms)
			SetupTypeCache (279ms)
				TypeCache.Initialize (275ms)
					TypeCache.ScanAssembly (269ms)
				ResolveRequiredComponents (5ms)
			ReleaseScriptCaches (1ms)
			RebuildScriptCaches (56ms)
			SetupLoadedEditorAssemblies (477ms)
				LogAssemblyErrors (0ms)
				InitializePlatformSupportModulesInManaged (11ms)
				SetLoadedEditorAssemblies (6ms)
				RefreshPlugins (1ms)
				BeforeProcessingInitializeOnLoad (67ms)
				ProcessInitializeOnLoadAttributes (351ms)
				ProcessInitializeOnLoadMethodAttributes (34ms)
				AfterProcessingInitializeOnLoad (6ms)
				EditorAssembliesLoaded (0ms)
			ExecutionOrderSort2 (0ms)
			AwakeInstancesAfterBackupRestoration (11ms)
Platform modules already initialized, skipping
Refreshing native plugins compatible for Editor in 0,75 ms, found 1 plugins.
Preloading 0 native plugins for Editor in 0,00 ms.
Unloading 3920 Unused Serialized files (Serialized files now loaded: 0)
Unloading 27 unused Assets / (22,7 KB). Loaded Objects now: 4430.
Memory consumption went from 0,59 GB to 0,59 GB.
Total: 4,211711 ms (FindLiveObjects: 0,372070 ms CreateObjectMapping: 0,111180 ms MarkObjects: 3,701041 ms  DeleteObjects: 0,025880 ms)

AssetImportParameters requested are different than current active one (requested -> active):
  custom:video-decoder-ogg-theora: a1e56fd34408186e4bbccfd4996cb3dc -> 
  custom:container-muxer-webm: aa71ff27fc2769a1b78a27578f13a17b -> 
  custom:container-demuxer-webm: 4f35f7cbe854078d1ac9338744f61a02 -> 
  custom:video-encoder-webm-vp8: eb34c28f22e8b96e1ab97ce403110664 -> 
  custom:audio-encoder-webm-vorbis: bf7c407c2cedff20999df2af8eb42d56 -> 
  custom:container-demuxer-ogg: 62fdf1f143b41e24485cea50d1cbac27 -> 
  custom:video-decoder-webm-vp8: 9c59270c3fd7afecdb556c50c9e8de78 -> 
  custom:audio-decoder-ogg-vorbis: bf7c407c2cedff20999df2af8eb42d56 -> 
========================================================================
Received Prepare
Registering precompiled user dll's ...
Registered in 0,004763 seconds.
Begin MonoManager ReloadAssembly
Symbol file LoadedFromMemory doesn't match image /home/andreysilva/Documentos/Projetos-GitHub/JogoQuizMaster/QuizMaster/Library/PackageCache/com.unity.visualscripting@1.7.6/Editor/VisualScripting.Core/Dependencies/YamlDotNet/Unity.VisualScripting.YamlDotNet.dll
Symbol file LoadedFromMemory doesn't match image /home/andreysilva/Documentos/Projetos-GitHub/JogoQuizMaster/QuizMaster/Library/PackageCache/com.unity.visualscripting@1.7.6/Editor/VisualScripting.Core/Dependencies/DotNetZip/Unity.VisualScripting.IonicZip.dll
Native extension for LinuxStandalone target not found
Native extension for WebGL target not found
Refreshing native plugins compatible for Editor in 0,75 ms, found 1 plugins.
Preloading 0 native plugins for Editor in 0,00 ms.
Mono: successfully reloaded assembly
- Completed reload, in  1,196 seconds
Domain Reload Profiling:
	ReloadAssembly (1197ms)
		BeginReloadAssembly (118ms)
			ExecutionOrderSort (0ms)
			DisableScriptedObjects (9ms)
			BackupInstance (0ms)
			ReleaseScriptingObjects (0ms)
			CreateAndSetChildDomain (40ms)
		EndReloadAssembly (965ms)
			LoadAssemblies (53ms)
			RebuildTransferFunctionScriptingTraits (0ms)
			SetupTypeCache (278ms)
				TypeCache.Initialize (273ms)
					TypeCache.ScanAssembly (269ms)
				ResolveRequiredComponents (5ms)
			ReleaseScriptCaches (1ms)
			RebuildScriptCaches (56ms)
			SetupLoadedEditorAssemblies (494ms)
				LogAssemblyErrors (0ms)
				InitializePlatformSupportModulesInManaged (12ms)
				SetLoadedEditorAssemblies (6ms)
				RefreshPlugins (1ms)
				BeforeProcessingInitializeOnLoad (67ms)
				ProcessInitializeOnLoadAttributes (365ms)
				ProcessInitializeOnLoadMethodAttributes (36ms)
				AfterProcessingInitializeOnLoad (6ms)
				EditorAssembliesLoaded (0ms)
			ExecutionOrderSort2 (0ms)
			AwakeInstancesAfterBackupRestoration (12ms)
Platform modules already initialized, skipping
Refreshing native plugins compatible for Editor in 0,91 ms, found 1 plugins.
Preloading 0 native plugins for Editor in 0,00 ms.
Unloading 3921 Unused Serialized files (Serialized files now loaded: 0)
Unloading 27 unused Assets / (22,7 KB). Loaded Objects now: 4432.
Memory consumption went from 0,59 GB to 0,59 GB.
Total: 4,539682 ms (FindLiveObjects: 0,446660 ms CreateObjectMapping: 0,160950 ms MarkObjects: 3,904152 ms  DeleteObjects: 0,026520 ms)

AssetImportParameters requested are different than current active one (requested -> active):
  custom:video-decoder-ogg-theora: a1e56fd34408186e4bbccfd4996cb3dc -> 
  custom:container-muxer-webm: aa71ff27fc2769a1b78a27578f13a17b -> 
  custom:container-demuxer-webm: 4f35f7cbe854078d1ac9338744f61a02 -> 
  custom:video-encoder-webm-vp8: eb34c28f22e8b96e1ab97ce403110664 -> 
  custom:audio-encoder-webm-vorbis: bf7c407c2cedff20999df2af8eb42d56 -> 
  custom:container-demuxer-ogg: 62fdf1f143b41e24485cea50d1cbac27 -> 
  custom:video-decoder-webm-vp8: 9c59270c3fd7afecdb556c50c9e8de78 -> 
  custom:audio-decoder-ogg-vorbis: bf7c407c2cedff20999df2af8eb42d56 -> 
========================================================================
Received Import Request.
  Time since last request: 871,687702 seconds.
  path: Assets/Scripts/New Question.asset
  artifactKey: Guid(014c88941586d0ab3b3ab768f9e2584c) Importer(815301076,1909f56bfc062723c751e8b465ee728b)
Start importing Assets/Scripts/New Question.asset using Guid(014c88941586d0ab3b3ab768f9e2584c) Importer(815301076,1909f56bfc062723c751e8b465ee728b)  -> (artifact id: '5ec8732013a1154e02bf809403af4548') in 0,010059 seconds 
========================================================================
Received Prepare
Registering precompiled user dll's ...
Registered in 0,004781 seconds.
Begin MonoManager ReloadAssembly
Symbol file LoadedFromMemory doesn't match image /home/andreysilva/Documentos/Projetos-GitHub/JogoQuizMaster/QuizMaster/Library/PackageCache/com.unity.visualscripting@1.7.6/Editor/VisualScripting.Core/Dependencies/YamlDotNet/Unity.VisualScripting.YamlDotNet.dll
Symbol file LoadedFromMemory doesn't match image /home/andreysilva/Documentos/Projetos-GitHub/JogoQuizMaster/QuizMaster/Library/PackageCache/com.unity.visualscripting@1.7.6/Editor/VisualScripting.Core/Dependencies/DotNetZip/Unity.VisualScripting.IonicZip.dll
Native extension for LinuxStandalone target not found
Native extension for WebGL target not found
Refreshing native plugins compatible for Editor in 0,72 ms, found 1 plugins.
Preloading 0 native plugins for Editor in 0,00 ms.
Mono: successfully reloaded assembly
- Completed reload, in  1,204 seconds
Domain Reload Profiling:
	ReloadAssembly (1204ms)
		BeginReloadAssembly (120ms)
			ExecutionOrderSort (0ms)
			DisableScriptedObjects (9ms)
			BackupInstance (0ms)
			ReleaseScriptingObjects (0ms)
			CreateAndSetChildDomain (44ms)
		EndReloadAssembly (969ms)
			LoadAssemblies (52ms)
			RebuildTransferFunctionScriptingTraits (0ms)
			SetupTypeCache (281ms)
				TypeCache.Initialize (276ms)
					TypeCache.ScanAssembly (271ms)
				ResolveRequiredComponents (5ms)
			ReleaseScriptCaches (2ms)
			RebuildScriptCaches (62ms)
			SetupLoadedEditorAssemblies (489ms)
				LogAssemblyErrors (0ms)
				InitializePlatformSupportModulesInManaged (12ms)
				SetLoadedEditorAssemblies (6ms)
				RefreshPlugins (1ms)
				BeforeProcessingInitializeOnLoad (68ms)
				ProcessInitializeOnLoadAttributes (362ms)
				ProcessInitializeOnLoadMethodAttributes (34ms)
				AfterProcessingInitializeOnLoad (6ms)
				EditorAssembliesLoaded (0ms)
			ExecutionOrderSort2 (0ms)
			AwakeInstancesAfterBackupRestoration (11ms)
Platform modules already initialized, skipping
Refreshing native plugins compatible for Editor in 0,77 ms, found 1 plugins.
Preloading 0 native plugins for Editor in 0,00 ms.
Unloading 3920 Unused Serialized files (Serialized files now loaded: 0)
Unloading 27 unused Assets / (22,8 KB). Loaded Objects now: 4434.
Memory consumption went from 0,59 GB to 0,59 GB.
Total: 4,149311 ms (FindLiveObjects: 0,360481 ms CreateObjectMapping: 0,107360 ms MarkObjects: 3,654731 ms  DeleteObjects: 0,025370 ms)

AssetImportParameters requested are different than current active one (requested -> active):
  custom:video-decoder-ogg-theora: a1e56fd34408186e4bbccfd4996cb3dc -> 
  custom:container-muxer-webm: aa71ff27fc2769a1b78a27578f13a17b -> 
  custom:container-demuxer-webm: 4f35f7cbe854078d1ac9338744f61a02 -> 
  custom:video-encoder-webm-vp8: eb34c28f22e8b96e1ab97ce403110664 -> 
  custom:audio-encoder-webm-vorbis: bf7c407c2cedff20999df2af8eb42d56 -> 
  custom:container-demuxer-ogg: 62fdf1f143b41e24485cea50d1cbac27 -> 
  custom:video-decoder-webm-vp8: 9c59270c3fd7afecdb556c50c9e8de78 -> 
  custom:audio-decoder-ogg-vorbis: bf7c407c2cedff20999df2af8eb42d56 -> 
========================================================================
Received Prepare
Registering precompiled user dll's ...
Registered in 0,004931 seconds.
Begin MonoManager ReloadAssembly
Symbol file LoadedFromMemory doesn't match image /home/andreysilva/Documentos/Projetos-GitHub/JogoQuizMaster/QuizMaster/Library/PackageCache/com.unity.visualscripting@1.7.6/Editor/VisualScripting.Core/Dependencies/YamlDotNet/Unity.VisualScripting.YamlDotNet.dll
Symbol file LoadedFromMemory doesn't match image /home/andreysilva/Documentos/Projetos-GitHub/JogoQuizMaster/QuizMaster/Library/PackageCache/com.unity.visualscripting@1.7.6/Editor/VisualScripting.Core/Dependencies/DotNetZip/Unity.VisualScripting.IonicZip.dll
Native extension for LinuxStandalone target not found
Native extension for WebGL target not found
Refreshing native plugins compatible for Editor in 0,74 ms, found 1 plugins.
Preloading 0 native plugins for Editor in 0,00 ms.
Mono: successfully reloaded assembly
- Completed reload, in  1,187 seconds
Domain Reload Profiling:
	ReloadAssembly (1188ms)
		BeginReloadAssembly (117ms)
			ExecutionOrderSort (0ms)
			DisableScriptedObjects (9ms)
			BackupInstance (0ms)
			ReleaseScriptingObjects (0ms)
			CreateAndSetChildDomain (41ms)
		EndReloadAssembly (955ms)
			LoadAssemblies (52ms)
			RebuildTransferFunctionScriptingTraits (0ms)
			SetupTypeCache (283ms)
				TypeCache.Initialize (278ms)
					TypeCache.ScanAssembly (273ms)
				ResolveRequiredComponents (5ms)
			ReleaseScriptCaches (1ms)
			RebuildScriptCaches (57ms)
			SetupLoadedEditorAssemblies (478ms)
				LogAssemblyErrors (0ms)
				InitializePlatformSupportModulesInManaged (12ms)
				SetLoadedEditorAssemblies (6ms)
				RefreshPlugins (1ms)
				BeforeProcessingInitializeOnLoad (67ms)
				ProcessInitializeOnLoadAttributes (352ms)
				ProcessInitializeOnLoadMethodAttributes (34ms)
				AfterProcessingInitializeOnLoad (6ms)
				EditorAssembliesLoaded (0ms)
			ExecutionOrderSort2 (0ms)
			AwakeInstancesAfterBackupRestoration (11ms)
Platform modules already initialized, skipping
Refreshing native plugins compatible for Editor in 0,70 ms, found 1 plugins.
Preloading 0 native plugins for Editor in 0,00 ms.
Unloading 3921 Unused Serialized files (Serialized files now loaded: 0)
Unloading 27 unused Assets / (22,8 KB). Loaded Objects now: 4436.
Memory consumption went from 0,59 GB to 0,59 GB.
Total: 4,178462 ms (FindLiveObjects: 0,359050 ms CreateObjectMapping: 0,107080 ms MarkObjects: 3,686482 ms  DeleteObjects: 0,024480 ms)

AssetImportParameters requested are different than current active one (requested -> active):
  custom:video-decoder-ogg-theora: a1e56fd34408186e4bbccfd4996cb3dc -> 
  custom:container-muxer-webm: aa71ff27fc2769a1b78a27578f13a17b -> 
  custom:container-demuxer-webm: 4f35f7cbe854078d1ac9338744f61a02 -> 
  custom:video-encoder-webm-vp8: eb34c28f22e8b96e1ab97ce403110664 -> 
  custom:audio-encoder-webm-vorbis: bf7c407c2cedff20999df2af8eb42d56 -> 
  custom:container-demuxer-ogg: 62fdf1f143b41e24485cea50d1cbac27 -> 
  custom:video-decoder-webm-vp8: 9c59270c3fd7afecdb556c50c9e8de78 -> 
  custom:audio-decoder-ogg-vorbis: bf7c407c2cedff20999df2af8eb42d56 -> 
========================================================================
Received Prepare
Registering precompiled user dll's ...
Registered in 0,004697 seconds.
Begin MonoManager ReloadAssembly
Symbol file LoadedFromMemory doesn't match image /home/andreysilva/Documentos/Projetos-GitHub/JogoQuizMaster/QuizMaster/Library/PackageCache/com.unity.visualscripting@1.7.6/Editor/VisualScripting.Core/Dependencies/YamlDotNet/Unity.VisualScripting.YamlDotNet.dll
Symbol file LoadedFromMemory doesn't match image /home/andreysilva/Documentos/Projetos-GitHub/JogoQuizMaster/QuizMaster/Library/PackageCache/com.unity.visualscripting@1.7.6/Editor/VisualScripting.Core/Dependencies/DotNetZip/Unity.VisualScripting.IonicZip.dll
Native extension for LinuxStandalone target not found
Native extension for WebGL target not found
Refreshing native plugins compatible for Editor in 0,72 ms, found 1 plugins.
Preloading 0 native plugins for Editor in 0,00 ms.
Mono: successfully reloaded assembly
- Completed reload, in  1,188 seconds
Domain Reload Profiling:
	ReloadAssembly (1189ms)
		BeginReloadAssembly (117ms)
			ExecutionOrderSort (0ms)
			DisableScriptedObjects (9ms)
			BackupInstance (0ms)
			ReleaseScriptingObjects (0ms)
			CreateAndSetChildDomain (41ms)
		EndReloadAssembly (956ms)
			LoadAssemblies (52ms)
			RebuildTransferFunctionScriptingTraits (0ms)
			SetupTypeCache (280ms)
				TypeCache.Initialize (276ms)
					TypeCache.ScanAssembly (270ms)
				ResolveRequiredComponents (5ms)
			ReleaseScriptCaches (1ms)
			RebuildScriptCaches (59ms)
			SetupLoadedEditorAssemblies (480ms)
				LogAssemblyErrors (0ms)
				InitializePlatformSupportModulesInManaged (12ms)
				SetLoadedEditorAssemblies (6ms)
				RefreshPlugins (1ms)
				BeforeProcessingInitializeOnLoad (67ms)
				ProcessInitializeOnLoadAttributes (353ms)
				ProcessInitializeOnLoadMethodAttributes (35ms)
				AfterProcessingInitializeOnLoad (6ms)
				EditorAssembliesLoaded (0ms)
			ExecutionOrderSort2 (0ms)
			AwakeInstancesAfterBackupRestoration (11ms)
Platform modules already initialized, skipping
Refreshing native plugins compatible for Editor in 0,82 ms, found 1 plugins.
Preloading 0 native plugins for Editor in 0,00 ms.
Unloading 3921 Unused Serialized files (Serialized files now loaded: 0)
Unloading 27 unused Assets / (22,7 KB). Loaded Objects now: 4438.
Memory consumption went from 0,59 GB to 0,59 GB.
Total: 4,730291 ms (FindLiveObjects: 0,373580 ms CreateObjectMapping: 0,177220 ms MarkObjects: 4,150191 ms  DeleteObjects: 0,027600 ms)

AssetImportParameters requested are different than current active one (requested -> active):
  custom:video-decoder-ogg-theora: a1e56fd34408186e4bbccfd4996cb3dc -> 
  custom:container-muxer-webm: aa71ff27fc2769a1b78a27578f13a17b -> 
  custom:container-demuxer-webm: 4f35f7cbe854078d1ac9338744f61a02 -> 
  custom:video-encoder-webm-vp8: eb34c28f22e8b96e1ab97ce403110664 -> 
  custom:audio-encoder-webm-vorbis: bf7c407c2cedff20999df2af8eb42d56 -> 
  custom:container-demuxer-ogg: 62fdf1f143b41e24485cea50d1cbac27 -> 
  custom:video-decoder-webm-vp8: 9c59270c3fd7afecdb556c50c9e8de78 -> 
  custom:audio-decoder-ogg-vorbis: bf7c407c2cedff20999df2af8eb42d56 -> 
========================================================================
Received Import Request.
  Time since last request: 317,472390 seconds.
  path: Assets/Scripts/QuestionSO.cs
  artifactKey: Guid(8efc22455a645ce9daee34d525d6600c) Importer(815301076,1909f56bfc062723c751e8b465ee728b)
Start importing Assets/Scripts/QuestionSO.cs using Guid(8efc22455a645ce9daee34d525d6600c) Importer(815301076,1909f56bfc062723c751e8b465ee728b)  -> (artifact id: '28458abcb1f11475c3e2b45ecc27bcb6') in 0,001488 seconds 
========================================================================
Received Prepare
Registering precompiled user dll's ...
Registered in 0,004675 seconds.
Begin MonoManager ReloadAssembly
Symbol file LoadedFromMemory doesn't match image /home/andreysilva/Documentos/Projetos-GitHub/JogoQuizMaster/QuizMaster/Library/PackageCache/com.unity.visualscripting@1.7.6/Editor/VisualScripting.Core/Dependencies/YamlDotNet/Unity.VisualScripting.YamlDotNet.dll
Symbol file LoadedFromMemory doesn't match image /home/andreysilva/Documentos/Projetos-GitHub/JogoQuizMaster/QuizMaster/Library/PackageCache/com.unity.visualscripting@1.7.6/Editor/VisualScripting.Core/Dependencies/DotNetZip/Unity.VisualScripting.IonicZip.dll
Native extension for LinuxStandalone target not found
Native extension for WebGL target not found
Refreshing native plugins compatible for Editor in 0,78 ms, found 1 plugins.
Preloading 0 native plugins for Editor in 0,00 ms.
Mono: successfully reloaded assembly
- Completed reload, in  1,206 seconds
Domain Reload Profiling:
	ReloadAssembly (1206ms)
		BeginReloadAssembly (118ms)
			ExecutionOrderSort (0ms)
			DisableScriptedObjects (9ms)
			BackupInstance (0ms)
			ReleaseScriptingObjects (0ms)
			CreateAndSetChildDomain (42ms)
		EndReloadAssembly (973ms)
			LoadAssemblies (52ms)
			RebuildTransferFunctionScriptingTraits (0ms)
			SetupTypeCache (282ms)
				TypeCache.Initialize (278ms)
					TypeCache.ScanAssembly (273ms)
				ResolveRequiredComponents (5ms)
			ReleaseScriptCaches (1ms)
			RebuildScriptCaches (61ms)
			SetupLoadedEditorAssemblies (491ms)
				LogAssemblyErrors (0ms)
				InitializePlatformSupportModulesInManaged (12ms)
				SetLoadedEditorAssemblies (6ms)
				RefreshPlugins (1ms)
				BeforeProcessingInitializeOnLoad (67ms)
				ProcessInitializeOnLoadAttributes (363ms)
				ProcessInitializeOnLoadMethodAttributes (36ms)
				AfterProcessingInitializeOnLoad (6ms)
				EditorAssembliesLoaded (0ms)
			ExecutionOrderSort2 (0ms)
			AwakeInstancesAfterBackupRestoration (11ms)
Platform modules already initialized, skipping
Refreshing native plugins compatible for Editor in 0,69 ms, found 1 plugins.
Preloading 0 native plugins for Editor in 0,00 ms.
Unloading 3920 Unused Serialized files (Serialized files now loaded: 0)
Unloading 27 unused Assets / (22,7 KB). Loaded Objects now: 4440.
Memory consumption went from 0,59 GB to 0,59 GB.
Total: 4,347402 ms (FindLiveObjects: 0,372380 ms CreateObjectMapping: 0,107660 ms MarkObjects: 3,837522 ms  DeleteObjects: 0,027470 ms)

AssetImportParameters requested are different than current active one (requested -> active):
  custom:video-decoder-ogg-theora: a1e56fd34408186e4bbccfd4996cb3dc -> 
  custom:container-muxer-webm: aa71ff27fc2769a1b78a27578f13a17b -> 
  custom:container-demuxer-webm: 4f35f7cbe854078d1ac9338744f61a02 -> 
  custom:video-encoder-webm-vp8: eb34c28f22e8b96e1ab97ce403110664 -> 
  custom:audio-encoder-webm-vorbis: bf7c407c2cedff20999df2af8eb42d56 -> 
  custom:container-demuxer-ogg: 62fdf1f143b41e24485cea50d1cbac27 -> 
  custom:video-decoder-webm-vp8: 9c59270c3fd7afecdb556c50c9e8de78 -> 
  custom:audio-decoder-ogg-vorbis: bf7c407c2cedff20999df2af8eb42d56 -> 
========================================================================
Received Import Request.
  Time since last request: 594,325394 seconds.
  path: Assets/Scripts/New Question.asset
  artifactKey: Guid(014c88941586d0ab3b3ab768f9e2584c) Importer(815301076,1909f56bfc062723c751e8b465ee728b)
Start importing Assets/Scripts/New Question.asset using Guid(014c88941586d0ab3b3ab768f9e2584c) Importer(815301076,1909f56bfc062723c751e8b465ee728b)  -> (artifact id: '3ad5d82d1b93937a5c9c415c04667634') in 0,009516 seconds 
========================================================================
Received Import Request.
  Time since last request: 21,818083 seconds.
  path: Assets/Scripts/New Question 1.asset
  artifactKey: Guid(16fbd5fa7052f75049b969c323605914) Importer(815301076,1909f56bfc062723c751e8b465ee728b)
Start importing Assets/Scripts/New Question 1.asset using Guid(16fbd5fa7052f75049b969c323605914) Importer(815301076,1909f56bfc062723c751e8b465ee728b)  -> (artifact id: '35ef44b891e0d6413dc6f7910e078d30') in 0,001474 seconds 
========================================================================
Received Import Request.
  Time since last request: 22,798441 seconds.
  path: Assets/Scripts/Question 1.asset
  artifactKey: Guid(014c88941586d0ab3b3ab768f9e2584c) Importer(815301076,1909f56bfc062723c751e8b465ee728b)
Start importing Assets/Scripts/Question 1.asset using Guid(014c88941586d0ab3b3ab768f9e2584c) Importer(815301076,1909f56bfc062723c751e8b465ee728b)  -> (artifact id: '45fee404e90fd272e4605b447d0d3156') in 0,001385 seconds 
========================================================================
Received Import Request.
  Time since last request: 7,739307 seconds.
  path: Assets/Scripts/Question 2.asset
  artifactKey: Guid(16fbd5fa7052f75049b969c323605914) Importer(815301076,1909f56bfc062723c751e8b465ee728b)
Start importing Assets/Scripts/Question 2.asset using Guid(16fbd5fa7052f75049b969c323605914) Importer(815301076,1909f56bfc062723c751e8b465ee728b)  -> (artifact id: 'd109b4d8b03050608fac363c6b0c37d8') in 0,001404 seconds 
========================================================================
Received Import Request.
  Time since last request: 8,603215 seconds.
  path: Assets/Scripts/New Question.asset
  artifactKey: Guid(4ed67e43df9bff8b8b5e5fa1e2e5d4d1) Importer(815301076,1909f56bfc062723c751e8b465ee728b)
Start importing Assets/Scripts/New Question.asset using Guid(4ed67e43df9bff8b8b5e5fa1e2e5d4d1) Importer(815301076,1909f56bfc062723c751e8b465ee728b)  -> (artifact id: 'a8c2d89b98bbb0939df970159e67b91d') in 0,001438 seconds 
========================================================================
Received Import Request.
  Time since last request: 12,862049 seconds.
  path: Assets/Scripts/Question 3.asset
  artifactKey: Guid(4ed67e43df9bff8b8b5e5fa1e2e5d4d1) Importer(815301076,1909f56bfc062723c751e8b465ee728b)
Start importing Assets/Scripts/Question 3.asset using Guid(4ed67e43df9bff8b8b5e5fa1e2e5d4d1) Importer(815301076,1909f56bfc062723c751e8b465ee728b)  -> (artifact id: 'a88aa92d9c469a2505000061fc4b570f') in 0,001396 seconds 
========================================================================
Received Import Request.
  Time since last request: 9,655512 seconds.
  path: Assets/Scripts/Question 4.asset
  artifactKey: Guid(7c59a81dc4b6185eab9ef721615284a1) Importer(815301076,1909f56bfc062723c751e8b465ee728b)
Start importing Assets/Scripts/Question 4.asset using Guid(7c59a81dc4b6185eab9ef721615284a1) Importer(815301076,1909f56bfc062723c751e8b465ee728b)  -> (artifact id: '8035a9435468e335e7b199c46682dedc') in 0,001386 seconds 
========================================================================
Received Prepare
Registering precompiled user dll's ...
Registered in 0,004688 seconds.
Begin MonoManager ReloadAssembly
Symbol file LoadedFromMemory doesn't match image /home/andreysilva/Documentos/Projetos-GitHub/JogoQuizMaster/QuizMaster/Library/PackageCache/com.unity.visualscripting@1.7.6/Editor/VisualScripting.Core/Dependencies/YamlDotNet/Unity.VisualScripting.YamlDotNet.dll
Symbol file LoadedFromMemory doesn't match image /home/andreysilva/Documentos/Projetos-GitHub/JogoQuizMaster/QuizMaster/Library/PackageCache/com.unity.visualscripting@1.7.6/Editor/VisualScripting.Core/Dependencies/DotNetZip/Unity.VisualScripting.IonicZip.dll
Native extension for LinuxStandalone target not found
Native extension for WebGL target not found
Refreshing native plugins compatible for Editor in 0,72 ms, found 1 plugins.
Preloading 0 native plugins for Editor in 0,00 ms.
Mono: successfully reloaded assembly
- Completed reload, in  1,210 seconds
Domain Reload Profiling:
	ReloadAssembly (1210ms)
		BeginReloadAssembly (124ms)
			ExecutionOrderSort (0ms)
			DisableScriptedObjects (9ms)
			BackupInstance (0ms)
			ReleaseScriptingObjects (0ms)
			CreateAndSetChildDomain (46ms)
		EndReloadAssembly (970ms)
			LoadAssemblies (53ms)
			RebuildTransferFunctionScriptingTraits (0ms)
			SetupTypeCache (285ms)
				TypeCache.Initialize (281ms)
					TypeCache.ScanAssembly (276ms)
				ResolveRequiredComponents (5ms)
			ReleaseScriptCaches (1ms)
			RebuildScriptCaches (59ms)
			SetupLoadedEditorAssemblies (488ms)
				LogAssemblyErrors (0ms)
				InitializePlatformSupportModulesInManaged (12ms)
				SetLoadedEditorAssemblies (6ms)
				RefreshPlugins (1ms)
				BeforeProcessingInitializeOnLoad (67ms)
				ProcessInitializeOnLoadAttributes (360ms)
				ProcessInitializeOnLoadMethodAttributes (36ms)
				AfterProcessingInitializeOnLoad (6ms)
				EditorAssembliesLoaded (0ms)
			ExecutionOrderSort2 (0ms)
			AwakeInstancesAfterBackupRestoration (11ms)
Platform modules already initialized, skipping
Refreshing native plugins compatible for Editor in 0,71 ms, found 1 plugins.
Preloading 0 native plugins for Editor in 0,00 ms.
Unloading 3920 Unused Serialized files (Serialized files now loaded: 0)
Unloading 27 unused Assets / (22,8 KB). Loaded Objects now: 4442.
Memory consumption went from 0,59 GB to 0,59 GB.
Total: 4,330181 ms (FindLiveObjects: 0,373950 ms CreateObjectMapping: 0,105320 ms MarkObjects: 3,823542 ms  DeleteObjects: 0,025829 ms)

AssetImportParameters requested are different than current active one (requested -> active):
  custom:video-decoder-ogg-theora: a1e56fd34408186e4bbccfd4996cb3dc -> 
  custom:container-muxer-webm: aa71ff27fc2769a1b78a27578f13a17b -> 
  custom:container-demuxer-webm: 4f35f7cbe854078d1ac9338744f61a02 -> 
  custom:video-encoder-webm-vp8: eb34c28f22e8b96e1ab97ce403110664 -> 
  custom:audio-encoder-webm-vorbis: bf7c407c2cedff20999df2af8eb42d56 -> 
  custom:container-demuxer-ogg: 62fdf1f143b41e24485cea50d1cbac27 -> 
  custom:video-decoder-webm-vp8: 9c59270c3fd7afecdb556c50c9e8de78 -> 
  custom:audio-decoder-ogg-vorbis: bf7c407c2cedff20999df2af8eb42d56 -> 
========================================================================
Received Prepare
Registering precompiled user dll's ...
Registered in 0,004769 seconds.
Begin MonoManager ReloadAssembly
Symbol file LoadedFromMemory doesn't match image /home/andreysilva/Documentos/Projetos-GitHub/JogoQuizMaster/QuizMaster/Library/PackageCache/com.unity.visualscripting@1.7.6/Editor/VisualScripting.Core/Dependencies/YamlDotNet/Unity.VisualScripting.YamlDotNet.dll
Symbol file LoadedFromMemory doesn't match image /home/andreysilva/Documentos/Projetos-GitHub/JogoQuizMaster/QuizMaster/Library/PackageCache/com.unity.visualscripting@1.7.6/Editor/VisualScripting.Core/Dependencies/DotNetZip/Unity.VisualScripting.IonicZip.dll
Native extension for LinuxStandalone target not found
Native extension for WebGL target not found
Refreshing native plugins compatible for Editor in 0,80 ms, found 1 plugins.
Preloading 0 native plugins for Editor in 0,00 ms.
Mono: successfully reloaded assembly
- Completed reload, in  1,216 seconds
Domain Reload Profiling:
	ReloadAssembly (1216ms)
		BeginReloadAssembly (122ms)
			ExecutionOrderSort (0ms)
			DisableScriptedObjects (9ms)
			BackupInstance (0ms)
			ReleaseScriptingObjects (0ms)
			CreateAndSetChildDomain (44ms)
		EndReloadAssembly (979ms)
			LoadAssemblies (53ms)
			RebuildTransferFunctionScriptingTraits (0ms)
			SetupTypeCache (285ms)
				TypeCache.Initialize (280ms)
					TypeCache.ScanAssembly (275ms)
				ResolveRequiredComponents (5ms)
			ReleaseScriptCaches (2ms)
			RebuildScriptCaches (59ms)
			SetupLoadedEditorAssemblies (494ms)
				LogAssemblyErrors (0ms)
				InitializePlatformSupportModulesInManaged (12ms)
				SetLoadedEditorAssemblies (7ms)
				RefreshPlugins (1ms)
				BeforeProcessingInitializeOnLoad (69ms)
				ProcessInitializeOnLoadAttributes (363ms)
				ProcessInitializeOnLoadMethodAttributes (36ms)
				AfterProcessingInitializeOnLoad (6ms)
				EditorAssembliesLoaded (0ms)
			ExecutionOrderSort2 (0ms)
			AwakeInstancesAfterBackupRestoration (11ms)
Platform modules already initialized, skipping
Refreshing native plugins compatible for Editor in 0,69 ms, found 1 plugins.
Preloading 0 native plugins for Editor in 0,00 ms.
Unloading 3921 Unused Serialized files (Serialized files now loaded: 0)
Unloading 27 unused Assets / (22,7 KB). Loaded Objects now: 4444.
Memory consumption went from 0,59 GB to 0,59 GB.
Total: 4,253792 ms (FindLiveObjects: 0,406111 ms CreateObjectMapping: 0,137850 ms MarkObjects: 3,682841 ms  DeleteObjects: 0,025630 ms)

AssetImportParameters requested are different than current active one (requested -> active):
  custom:video-decoder-ogg-theora: a1e56fd34408186e4bbccfd4996cb3dc -> 
  custom:container-muxer-webm: aa71ff27fc2769a1b78a27578f13a17b -> 
  custom:container-demuxer-webm: 4f35f7cbe854078d1ac9338744f61a02 -> 
  custom:video-encoder-webm-vp8: eb34c28f22e8b96e1ab97ce403110664 -> 
  custom:audio-encoder-webm-vorbis: bf7c407c2cedff20999df2af8eb42d56 -> 
  custom:container-demuxer-ogg: 62fdf1f143b41e24485cea50d1cbac27 -> 
  custom:video-decoder-webm-vp8: 9c59270c3fd7afecdb556c50c9e8de78 -> 
  custom:audio-decoder-ogg-vorbis: bf7c407c2cedff20999df2af8eb42d56 -> 
========================================================================
Received Import Request.
  Time since last request: 2104,605820 seconds.
  path: Assets/Perguntas/New Question.asset
  artifactKey: Guid(98426781df0a72a6b92b49d944511b6a) Importer(815301076,1909f56bfc062723c751e8b465ee728b)
Start importing Assets/Perguntas/New Question.asset using Guid(98426781df0a72a6b92b49d944511b6a) Importer(815301076,1909f56bfc062723c751e8b465ee728b)  -> (artifact id: '30c8d12f26e662d100e4f1f4729f3d6c') in 0,010124 seconds 
========================================================================
Received Import Request.
  Time since last request: 148,780220 seconds.
  path: Assets/Perguntas/Question 1.asset
  artifactKey: Guid(98426781df0a72a6b92b49d944511b6a) Importer(815301076,1909f56bfc062723c751e8b465ee728b)
Start importing Assets/Perguntas/Question 1.asset using Guid(98426781df0a72a6b92b49d944511b6a) Importer(815301076,1909f56bfc062723c751e8b465ee728b)  -> (artifact id: '84d353f04efd70a83cd532bbc29c4438') in 0,001361 seconds 
========================================================================
Received Prepare
Registering precompiled user dll's ...
Registered in 0,004738 seconds.
Begin MonoManager ReloadAssembly
Symbol file LoadedFromMemory doesn't match image /home/andreysilva/Documentos/Projetos-GitHub/JogoQuizMaster/QuizMaster/Library/PackageCache/com.unity.visualscripting@1.7.6/Editor/VisualScripting.Core/Dependencies/YamlDotNet/Unity.VisualScripting.YamlDotNet.dll
Symbol file LoadedFromMemory doesn't match image /home/andreysilva/Documentos/Projetos-GitHub/JogoQuizMaster/QuizMaster/Library/PackageCache/com.unity.visualscripting@1.7.6/Editor/VisualScripting.Core/Dependencies/DotNetZip/Unity.VisualScripting.IonicZip.dll
Native extension for LinuxStandalone target not found
Native extension for WebGL target not found
Refreshing native plugins compatible for Editor in 0,73 ms, found 1 plugins.
Preloading 0 native plugins for Editor in 0,00 ms.
Mono: successfully reloaded assembly
- Completed reload, in  1,214 seconds
Domain Reload Profiling:
	ReloadAssembly (1215ms)
		BeginReloadAssembly (118ms)
			ExecutionOrderSort (0ms)
			DisableScriptedObjects (9ms)
			BackupInstance (0ms)
			ReleaseScriptingObjects (0ms)
			CreateAndSetChildDomain (43ms)
		EndReloadAssembly (984ms)
			LoadAssemblies (51ms)
			RebuildTransferFunctionScriptingTraits (0ms)
			SetupTypeCache (284ms)
				TypeCache.Initialize (279ms)
					TypeCache.ScanAssembly (274ms)
				ResolveRequiredComponents (5ms)
			ReleaseScriptCaches (1ms)
			RebuildScriptCaches (61ms)
			SetupLoadedEditorAssemblies (497ms)
				LogAssemblyErrors (0ms)
				InitializePlatformSupportModulesInManaged (12ms)
				SetLoadedEditorAssemblies (7ms)
				RefreshPlugins (1ms)
				BeforeProcessingInitializeOnLoad (67ms)
				ProcessInitializeOnLoadAttributes (367ms)
				ProcessInitializeOnLoadMethodAttributes (37ms)
				AfterProcessingInitializeOnLoad (6ms)
				EditorAssembliesLoaded (0ms)
			ExecutionOrderSort2 (0ms)
			AwakeInstancesAfterBackupRestoration (12ms)
Platform modules already initialized, skipping
Refreshing native plugins compatible for Editor in 0,71 ms, found 1 plugins.
Preloading 0 native plugins for Editor in 0,00 ms.
Unloading 3920 Unused Serialized files (Serialized files now loaded: 0)
Unloading 27 unused Assets / (22,8 KB). Loaded Objects now: 4446.
Memory consumption went from 0,59 GB to 0,59 GB.
Total: 4,528791 ms (FindLiveObjects: 0,369180 ms CreateObjectMapping: 0,118190 ms MarkObjects: 4,008621 ms  DeleteObjects: 0,031431 ms)

AssetImportParameters requested are different than current active one (requested -> active):
  custom:video-decoder-ogg-theora: a1e56fd34408186e4bbccfd4996cb3dc -> 
  custom:container-muxer-webm: aa71ff27fc2769a1b78a27578f13a17b -> 
  custom:container-demuxer-webm: 4f35f7cbe854078d1ac9338744f61a02 -> 
  custom:video-encoder-webm-vp8: eb34c28f22e8b96e1ab97ce403110664 -> 
  custom:audio-encoder-webm-vorbis: bf7c407c2cedff20999df2af8eb42d56 -> 
  custom:container-demuxer-ogg: 62fdf1f143b41e24485cea50d1cbac27 -> 
  custom:video-decoder-webm-vp8: 9c59270c3fd7afecdb556c50c9e8de78 -> 
  custom:audio-decoder-ogg-vorbis: bf7c407c2cedff20999df2af8eb42d56 -> 
========================================================================
Received Prepare
Registering precompiled user dll's ...
Registered in 0,004636 seconds.
Begin MonoManager ReloadAssembly
Symbol file LoadedFromMemory doesn't match image /home/andreysilva/Documentos/Projetos-GitHub/JogoQuizMaster/QuizMaster/Library/PackageCache/com.unity.visualscripting@1.7.6/Editor/VisualScripting.Core/Dependencies/YamlDotNet/Unity.VisualScripting.YamlDotNet.dll
Symbol file LoadedFromMemory doesn't match image /home/andreysilva/Documentos/Projetos-GitHub/JogoQuizMaster/QuizMaster/Library/PackageCache/com.unity.visualscripting@1.7.6/Editor/VisualScripting.Core/Dependencies/DotNetZip/Unity.VisualScripting.IonicZip.dll
Native extension for LinuxStandalone target not found
Native extension for WebGL target not found
Refreshing native plugins compatible for Editor in 0,73 ms, found 1 plugins.
Preloading 0 native plugins for Editor in 0,00 ms.
Mono: successfully reloaded assembly
- Completed reload, in  1,189 seconds
Domain Reload Profiling:
	ReloadAssembly (1189ms)
		BeginReloadAssembly (119ms)
			ExecutionOrderSort (0ms)
			DisableScriptedObjects (9ms)
			BackupInstance (0ms)
			ReleaseScriptingObjects (0ms)
			CreateAndSetChildDomain (43ms)
		EndReloadAssembly (957ms)
			LoadAssemblies (52ms)
			RebuildTransferFunctionScriptingTraits (0ms)
			SetupTypeCache (279ms)
				TypeCache.Initialize (274ms)
					TypeCache.ScanAssembly (269ms)
				ResolveRequiredComponents (5ms)
			ReleaseScriptCaches (1ms)
			RebuildScriptCaches (58ms)
			SetupLoadedEditorAssemblies (480ms)
				LogAssemblyErrors (0ms)
				InitializePlatformSupportModulesInManaged (12ms)
				SetLoadedEditorAssemblies (6ms)
				RefreshPlugins (1ms)
				BeforeProcessingInitializeOnLoad (67ms)
				ProcessInitializeOnLoadAttributes (354ms)
				ProcessInitializeOnLoadMethodAttributes (35ms)
				AfterProcessingInitializeOnLoad (6ms)
				EditorAssembliesLoaded (0ms)
			ExecutionOrderSort2 (0ms)
			AwakeInstancesAfterBackupRestoration (11ms)
Platform modules already initialized, skipping
Refreshing native plugins compatible for Editor in 0,74 ms, found 1 plugins.
Preloading 0 native plugins for Editor in 0,00 ms.
Unloading 3921 Unused Serialized files (Serialized files now loaded: 0)
Unloading 27 unused Assets / (22,7 KB). Loaded Objects now: 4448.
Memory consumption went from 0,59 GB to 0,59 GB.
Total: 4,169702 ms (FindLiveObjects: 0,394330 ms CreateObjectMapping: 0,120511 ms MarkObjects: 3,627711 ms  DeleteObjects: 0,025480 ms)

AssetImportParameters requested are different than current active one (requested -> active):
  custom:video-decoder-ogg-theora: a1e56fd34408186e4bbccfd4996cb3dc -> 
  custom:container-muxer-webm: aa71ff27fc2769a1b78a27578f13a17b -> 
  custom:container-demuxer-webm: 4f35f7cbe854078d1ac9338744f61a02 -> 
  custom:video-encoder-webm-vp8: eb34c28f22e8b96e1ab97ce403110664 -> 
  custom:audio-encoder-webm-vorbis: bf7c407c2cedff20999df2af8eb42d56 -> 
  custom:container-demuxer-ogg: 62fdf1f143b41e24485cea50d1cbac27 -> 
  custom:video-decoder-webm-vp8: 9c59270c3fd7afecdb556c50c9e8de78 -> 
  custom:audio-decoder-ogg-vorbis: bf7c407c2cedff20999df2af8eb42d56 -> 
========================================================================
Received Import Request.
  Time since last request: 3237,836569 seconds.
  path: Assets/Perguntas/New Question.asset
  artifactKey: Guid(6fa8392121f7f316da6ffe7244eda905) Importer(815301076,1909f56bfc062723c751e8b465ee728b)
Start importing Assets/Perguntas/New Question.asset using Guid(6fa8392121f7f316da6ffe7244eda905) Importer(815301076,1909f56bfc062723c751e8b465ee728b)  -> (artifact id: 'b3f99921a84f255fc08f30c84341e7fd') in 0,012583 seconds 
========================================================================
Received Import Request.
  Time since last request: 15,673847 seconds.
  path: Assets/Perguntas/Question 2.asset
  artifactKey: Guid(6fa8392121f7f316da6ffe7244eda905) Importer(815301076,1909f56bfc062723c751e8b465ee728b)
Start importing Assets/Perguntas/Question 2.asset using Guid(6fa8392121f7f316da6ffe7244eda905) Importer(815301076,1909f56bfc062723c751e8b465ee728b)  -> (artifact id: '3ff92b6177de65dfff1ac0d6e88024f1') in 0,001520 seconds 
========================================================================
Received Import Request.
  Time since last request: 73,428784 seconds.
  path: Assets/Perguntas/New Question.asset
  artifactKey: Guid(e9bd5d667262ffb1d95aba85d11dd2a7) Importer(815301076,1909f56bfc062723c751e8b465ee728b)
Start importing Assets/Perguntas/New Question.asset using Guid(e9bd5d667262ffb1d95aba85d11dd2a7) Importer(815301076,1909f56bfc062723c751e8b465ee728b)  -> (artifact id: '1473b53b82d6f8973fcffdf7741ce6e0') in 0,001450 seconds 
========================================================================
Received Import Request.
  Time since last request: 72,999496 seconds.
  path: Assets/Perguntas/Question 3.asset
  artifactKey: Guid(e9bd5d667262ffb1d95aba85d11dd2a7) Importer(815301076,1909f56bfc062723c751e8b465ee728b)
Start importing Assets/Perguntas/Question 3.asset using Guid(e9bd5d667262ffb1d95aba85d11dd2a7) Importer(815301076,1909f56bfc062723c751e8b465ee728b)  -> (artifact id: 'fa0e79a2c422b4562602ee1b96826517') in 0,001390 seconds 
========================================================================
Received Import Request.
  Time since last request: 294,062184 seconds.
  path: Assets/Perguntas/Question 4.asset
  artifactKey: Guid(7c59a81dc4b6185eab9ef721615284a1) Importer(815301076,1909f56bfc062723c751e8b465ee728b)
Start importing Assets/Perguntas/Question 4.asset using Guid(7c59a81dc4b6185eab9ef721615284a1) Importer(815301076,1909f56bfc062723c751e8b465ee728b)  -> (artifact id: 'ffdc088dcbd5a4d771eddca1e99101fe') in 0,001448 seconds 
========================================================================
Received Import Request.
  Time since last request: 571,881327 seconds.
  path: Assets/Perguntas/Question 5.asset
  artifactKey: Guid(b910f4b5c917694e6b10a6bdacbd884a) Importer(815301076,1909f56bfc062723c751e8b465ee728b)
Start importing Assets/Perguntas/Question 5.asset using Guid(b910f4b5c917694e6b10a6bdacbd884a) Importer(815301076,1909f56bfc062723c751e8b465ee728b)  -> (artifact id: 'ef2fc9bfd2ca28dacea875a149005678') in 0,001854 seconds 
========================================================================
Received Import Request.
  Time since last request: 65,534796 seconds.
  path: Assets/Perguntas/Question 6.asset
  artifactKey: Guid(8b6a6e57870ed6ddeb1a1618f7041db6) Importer(815301076,1909f56bfc062723c751e8b465ee728b)
Start importing Assets/Perguntas/Question 6.asset using Guid(8b6a6e57870ed6ddeb1a1618f7041db6) Importer(815301076,1909f56bfc062723c751e8b465ee728b)  -> (artifact id: '54a26f33445cac092c4df3ebc349f9a7') in 0,001581 seconds 
========================================================================
Received Import Request.
  Time since last request: 158,654576 seconds.
  path: Assets/Perguntas/Question 7.asset
  artifactKey: Guid(f63f28771ffb36e5f986bbfdc578d202) Importer(815301076,1909f56bfc062723c751e8b465ee728b)
Start importing Assets/Perguntas/Question 7.asset using Guid(f63f28771ffb36e5f986bbfdc578d202) Importer(815301076,1909f56bfc062723c751e8b465ee728b)  -> (artifact id: 'bca5f4b0f78be96e26c52240f7bf746b') in 0,001808 seconds 
========================================================================
Received Import Request.
  Time since last request: 67,990024 seconds.
  path: Assets/Perguntas/Question 8.asset
  artifactKey: Guid(342416cd7ed90a9a5b94d6abe693d64a) Importer(815301076,1909f56bfc062723c751e8b465ee728b)
Start importing Assets/Perguntas/Question 8.asset using Guid(342416cd7ed90a9a5b94d6abe693d64a) Importer(815301076,1909f56bfc062723c751e8b465ee728b)  -> (artifact id: '7fc4e14b2eb597e2a4016e2dd6473474') in 0,001699 seconds 
========================================================================
Received Import Request.
  Time since last request: 38,805741 seconds.
  path: Assets/Perguntas/Question 9.asset
  artifactKey: Guid(75c0f6e643bb05cf7bab3153e51a0a9f) Importer(815301076,1909f56bfc062723c751e8b465ee728b)
Start importing Assets/Perguntas/Question 9.asset using Guid(75c0f6e643bb05cf7bab3153e51a0a9f) Importer(815301076,1909f56bfc062723c751e8b465ee728b)  -> (artifact id: 'f64a49c067fe79ee37f3a0d9a95cacfd') in 0,001928 seconds 
========================================================================
Received Import Request.
  Time since last request: 9,658325 seconds.
  path: Assets/Perguntas/Question 10.asset
  artifactKey: Guid(50e44f6b187b50d8882d2101ce7ef676) Importer(815301076,1909f56bfc062723c751e8b465ee728b)
Start importing Assets/Perguntas/Question 10.asset using Guid(50e44f6b187b50d8882d2101ce7ef676) Importer(815301076,1909f56bfc062723c751e8b465ee728b)  -> (artifact id: '3610efb54915567157a690eee9dda687') in 0,002084 seconds 
========================================================================
Received Import Request.
  Time since last request: 184,328375 seconds.
  path: Assets/Perguntas/Question 1.asset
  artifactKey: Guid(98426781df0a72a6b92b49d944511b6a) Importer(815301076,1909f56bfc062723c751e8b465ee728b)
Start importing Assets/Perguntas/Question 1.asset using Guid(98426781df0a72a6b92b49d944511b6a) Importer(815301076,1909f56bfc062723c751e8b465ee728b)  -> (artifact id: 'afb53f24100d2caf54fb45ff8a96bb39') in 0,001380 seconds 
========================================================================
Received Import Request.
  Time since last request: 0,000020 seconds.
  path: Assets/Perguntas/Question 3.asset
  artifactKey: Guid(e9bd5d667262ffb1d95aba85d11dd2a7) Importer(815301076,1909f56bfc062723c751e8b465ee728b)
Start importing Assets/Perguntas/Question 3.asset using Guid(e9bd5d667262ffb1d95aba85d11dd2a7) Importer(815301076,1909f56bfc062723c751e8b465ee728b)  -> (artifact id: '97a60d3167e842ae7d6028081ba10ff4') in 0,001629 seconds 
========================================================================
Received Import Request.
  Time since last request: 0,000025 seconds.
  path: Assets/Perguntas/Question 6.asset
  artifactKey: Guid(8b6a6e57870ed6ddeb1a1618f7041db6) Importer(815301076,1909f56bfc062723c751e8b465ee728b)
Start importing Assets/Perguntas/Question 6.asset using Guid(8b6a6e57870ed6ddeb1a1618f7041db6) Importer(815301076,1909f56bfc062723c751e8b465ee728b)  -> (artifact id: 'df1993c08a68c57ae19934df326ebd2b') in 0,001525 seconds 
========================================================================
Received Import Request.
  Time since last request: 0,000019 seconds.
  path: Assets/Perguntas/Question 7.asset
  artifactKey: Guid(f63f28771ffb36e5f986bbfdc578d202) Importer(815301076,1909f56bfc062723c751e8b465ee728b)
Start importing Assets/Perguntas/Question 7.asset using Guid(f63f28771ffb36e5f986bbfdc578d202) Importer(815301076,1909f56bfc062723c751e8b465ee728b)  -> (artifact id: '87dc29647e6845c2f51cc0f1e90434ee') in 0,001620 seconds 
========================================================================
Received Import Request.
  Time since last request: 0,000019 seconds.
  path: Assets/Perguntas/Question 9.asset
  artifactKey: Guid(75c0f6e643bb05cf7bab3153e51a0a9f) Importer(815301076,1909f56bfc062723c751e8b465ee728b)
Start importing Assets/Perguntas/Question 9.asset using Guid(75c0f6e643bb05cf7bab3153e51a0a9f) Importer(815301076,1909f56bfc062723c751e8b465ee728b)  -> (artifact id: 'e23126b270655e167c9914058690d337') in 0,001644 seconds 
========================================================================
Received Import Request.
  Time since last request: 0,000035 seconds.
  path: Assets/Perguntas/Question 4.asset
  artifactKey: Guid(7c59a81dc4b6185eab9ef721615284a1) Importer(815301076,1909f56bfc062723c751e8b465ee728b)
Start importing Assets/Perguntas/Question 4.asset using Guid(7c59a81dc4b6185eab9ef721615284a1) Importer(815301076,1909f56bfc062723c751e8b465ee728b)  -> (artifact id: '33a72b4a9499323465baed5bdc763c46') in 0,001559 seconds 
========================================================================
Received Import Request.
  Time since last request: 0,000021 seconds.
  path: Assets/Perguntas/Question 2.asset
  artifactKey: Guid(6fa8392121f7f316da6ffe7244eda905) Importer(815301076,1909f56bfc062723c751e8b465ee728b)
Start importing Assets/Perguntas/Question 2.asset using Guid(6fa8392121f7f316da6ffe7244eda905) Importer(815301076,1909f56bfc062723c751e8b465ee728b)  -> (artifact id: 'e3c40295f852641773bdfb8b11dd8edd') in 0,001523 seconds 
========================================================================
Received Import Request.
  Time since last request: 0,000018 seconds.
  path: Assets/Perguntas/Question 8.asset
  artifactKey: Guid(342416cd7ed90a9a5b94d6abe693d64a) Importer(815301076,1909f56bfc062723c751e8b465ee728b)
Start importing Assets/Perguntas/Question 8.asset using Guid(342416cd7ed90a9a5b94d6abe693d64a) Importer(815301076,1909f56bfc062723c751e8b465ee728b)  -> (artifact id: '2c704758cbf140b899d2ef4ce9c83899') in 0,001519 seconds 
========================================================================
Received Import Request.
  Time since last request: 0,000019 seconds.
  path: Assets/Perguntas/Question 5.asset
  artifactKey: Guid(b910f4b5c917694e6b10a6bdacbd884a) Importer(815301076,1909f56bfc062723c751e8b465ee728b)
Start importing Assets/Perguntas/Question 5.asset using Guid(b910f4b5c917694e6b10a6bdacbd884a) Importer(815301076,1909f56bfc062723c751e8b465ee728b)  -> (artifact id: '5e3885da5cc8df2aa2720dc8658b7362') in 0,001659 seconds 
========================================================================
Received Import Request.
  Time since last request: 0,000021 seconds.
  path: Assets/Perguntas/Question 10.asset
  artifactKey: Guid(50e44f6b187b50d8882d2101ce7ef676) Importer(815301076,1909f56bfc062723c751e8b465ee728b)
Start importing Assets/Perguntas/Question 10.asset using Guid(50e44f6b187b50d8882d2101ce7ef676) Importer(815301076,1909f56bfc062723c751e8b465ee728b)  -> (artifact id: '11e1d1a2b0f8949f27ce04366079b96e') in 0,001484 seconds 
========================================================================
Received Prepare
Registering precompiled user dll's ...
Registered in 0,004652 seconds.
Begin MonoManager ReloadAssembly
Symbol file LoadedFromMemory doesn't match image /home/andreysilva/Documentos/Projetos-GitHub/JogoQuizMaster/QuizMaster/Library/PackageCache/com.unity.visualscripting@1.7.6/Editor/VisualScripting.Core/Dependencies/YamlDotNet/Unity.VisualScripting.YamlDotNet.dll
Symbol file LoadedFromMemory doesn't match image /home/andreysilva/Documentos/Projetos-GitHub/JogoQuizMaster/QuizMaster/Library/PackageCache/com.unity.visualscripting@1.7.6/Editor/VisualScripting.Core/Dependencies/DotNetZip/Unity.VisualScripting.IonicZip.dll
Native extension for LinuxStandalone target not found
Native extension for WebGL target not found
Refreshing native plugins compatible for Editor in 1,06 ms, found 1 plugins.
Preloading 0 native plugins for Editor in 0,00 ms.
Mono: successfully reloaded assembly
- Completed reload, in  1,214 seconds
Domain Reload Profiling:
	ReloadAssembly (1214ms)
		BeginReloadAssembly (120ms)
			ExecutionOrderSort (0ms)
			DisableScriptedObjects (9ms)
			BackupInstance (0ms)
			ReleaseScriptingObjects (0ms)
			CreateAndSetChildDomain (44ms)
		EndReloadAssembly (980ms)
			LoadAssemblies (52ms)
			RebuildTransferFunctionScriptingTraits (0ms)
			SetupTypeCache (279ms)
				TypeCache.Initialize (275ms)
					TypeCache.ScanAssembly (270ms)
				ResolveRequiredComponents (5ms)
			ReleaseScriptCaches (1ms)
			RebuildScriptCaches (59ms)
			SetupLoadedEditorAssemblies (501ms)
				LogAssemblyErrors (0ms)
				InitializePlatformSupportModulesInManaged (12ms)
				SetLoadedEditorAssemblies (7ms)
				RefreshPlugins (1ms)
				BeforeProcessingInitializeOnLoad (73ms)
				ProcessInitializeOnLoadAttributes (366ms)
				ProcessInitializeOnLoadMethodAttributes (36ms)
				AfterProcessingInitializeOnLoad (6ms)
				EditorAssembliesLoaded (0ms)
			ExecutionOrderSort2 (0ms)
			AwakeInstancesAfterBackupRestoration (11ms)
Platform modules already initialized, skipping
Refreshing native plugins compatible for Editor in 0,69 ms, found 1 plugins.
Preloading 0 native plugins for Editor in 0,00 ms.
Unloading 3920 Unused Serialized files (Serialized files now loaded: 0)
Unloading 27 unused Assets / (22,7 KB). Loaded Objects now: 4450.
Memory consumption went from 0,59 GB to 0,59 GB.
Total: 4,394141 ms (FindLiveObjects: 0,403480 ms CreateObjectMapping: 0,115950 ms MarkObjects: 3,841681 ms  DeleteObjects: 0,030900 ms)

AssetImportParameters requested are different than current active one (requested -> active):
  custom:video-decoder-ogg-theora: a1e56fd34408186e4bbccfd4996cb3dc -> 
  custom:container-muxer-webm: aa71ff27fc2769a1b78a27578f13a17b -> 
  custom:container-demuxer-webm: 4f35f7cbe854078d1ac9338744f61a02 -> 
  custom:video-encoder-webm-vp8: eb34c28f22e8b96e1ab97ce403110664 -> 
  custom:audio-encoder-webm-vorbis: bf7c407c2cedff20999df2af8eb42d56 -> 
  custom:container-demuxer-ogg: 62fdf1f143b41e24485cea50d1cbac27 -> 
  custom:video-decoder-webm-vp8: 9c59270c3fd7afecdb556c50c9e8de78 -> 
  custom:audio-decoder-ogg-vorbis: bf7c407c2cedff20999df2af8eb42d56 -> 
